2020/11/20 19:33:28 [INFO] Terraform version: 0.13.5  
2020/11/20 19:33:28 [INFO] Go runtime version: go1.14.7
2020/11/20 19:33:28 [INFO] CLI args: []string{"/usr/local/bin/terraform", "plan"}
2020/11/20 19:33:28 [DEBUG] Attempting to open CLI config file: /Users/aaronhodge/.terraformrc
2020/11/20 19:33:28 [DEBUG] File doesn't exist, but doesn't need to. Ignoring.
2020/11/20 19:33:28 [DEBUG] ignoring non-existing provider search directory terraform.d/plugins
2020/11/20 19:33:28 [DEBUG] ignoring non-existing provider search directory /Users/aaronhodge/.terraform.d/plugins
2020/11/20 19:33:28 [DEBUG] ignoring non-existing provider search directory /Users/aaronhodge/Library/Application Support/io.terraform/plugins
2020/11/20 19:33:28 [DEBUG] ignoring non-existing provider search directory /Library/Application Support/io.terraform/plugins
2020/11/20 19:33:28 [INFO] CLI command args: []string{"plan"}
2020/11/20 19:33:28 [TRACE] Meta.Backend: no config given or present on disk, so returning nil config
2020/11/20 19:33:28 [TRACE] Meta.Backend: backend has not previously been initialized in this working directory
2020/11/20 19:33:28 [DEBUG] New state was assigned lineage "c2b3f6fa-e65d-72b6-f38b-b82effdd5ef3"
2020/11/20 19:33:28 [TRACE] Meta.Backend: using default local state only (no backend configuration, and no existing initialized backend)
2020/11/20 19:33:28 [TRACE] Meta.Backend: instantiated backend of type <nil>
2020/11/20 19:33:28 [TRACE] providercache.fillMetaCache: scanning directory .terraform/plugins
2020/11/20 19:33:28 [TRACE] getproviders.SearchLocalDirectory: .terraform/plugins is a symlink to .terraform/plugins
2020/11/20 19:33:28 [TRACE] getproviders.SearchLocalDirectory: found registry.terraform.io/hashicorp/aws v3.16.0 for darwin_amd64 at .terraform/plugins/registry.terraform.io/hashicorp/aws/3.16.0/darwin_amd64
2020/11/20 19:33:28 [TRACE] providercache.fillMetaCache: including .terraform/plugins/registry.terraform.io/hashicorp/aws/3.16.0/darwin_amd64 as a candidate package for registry.terraform.io/hashicorp/aws 3.16.0
2020/11/20 19:33:29 [DEBUG] checking for provisioner in "."
2020/11/20 19:33:29 [DEBUG] checking for provisioner in "/usr/local/bin"
2020/11/20 19:33:29 [INFO] Failed to read plugin lock file .terraform/plugins/darwin_amd64/lock.json: open .terraform/plugins/darwin_amd64/lock.json: no such file or directory
2020/11/20 19:33:29 [TRACE] Meta.Backend: backend <nil> does not support operations, so wrapping it in a local backend
2020/11/20 19:33:29 [INFO] backend/local: starting Plan operation
2020/11/20 19:33:29 [TRACE] backend/local: requesting state manager for workspace "default"
2020/11/20 19:33:29 [TRACE] backend/local: state manager for workspace "default" will:
 - read initial snapshot from terraform.tfstate
 - write new snapshots to terraform.tfstate
 - create any backup at terraform.tfstate.backup
2020/11/20 19:33:29 [TRACE] backend/local: requesting state lock for workspace "default"
2020/11/20 19:33:29 [TRACE] statemgr.Filesystem: preparing to manage state snapshots at terraform.tfstate
2020/11/20 19:33:29 [TRACE] statemgr.Filesystem: no previously-stored snapshot exists
2020/11/20 19:33:29 [TRACE] statemgr.Filesystem: locking terraform.tfstate using fcntl flock
2020/11/20 19:33:29 [TRACE] statemgr.Filesystem: writing lock metadata to .terraform.tfstate.lock.info
2020/11/20 19:33:29 [TRACE] backend/local: reading remote state for workspace "default"
2020/11/20 19:33:29 [TRACE] statemgr.Filesystem: reading latest snapshot from terraform.tfstate
2020/11/20 19:33:29 [TRACE] statemgr.Filesystem: snapshot file has nil snapshot, but that's okay
2020/11/20 19:33:29 [TRACE] statemgr.Filesystem: read nil snapshot
2020/11/20 19:33:29 [TRACE] backend/local: retrieving local state snapshot for workspace "default"
2020/11/20 19:33:29 [TRACE] backend/local: building context for current working directory
2020/11/20 19:33:29 [TRACE] terraform.NewContext: starting
2020/11/20 19:33:29 [TRACE] terraform.NewContext: loading provider schemas
2020/11/20 19:33:29 [TRACE] LoadSchemas: retrieving schema for provider type "registry.terraform.io/hashicorp/aws"
2020-11-20T19:33:29.107-0500 [INFO]  plugin: configuring client automatic mTLS
2020-11-20T19:33:29.150-0500 [DEBUG] plugin: starting plugin: path=.terraform/plugins/registry.terraform.io/hashicorp/aws/3.16.0/darwin_amd64/terraform-provider-aws_v3.16.0_x5 args=[.terraform/plugins/registry.terraform.io/hashicorp/aws/3.16.0/darwin_amd64/terraform-provider-aws_v3.16.0_x5]
2020-11-20T19:33:29.160-0500 [DEBUG] plugin: plugin started: path=.terraform/plugins/registry.terraform.io/hashicorp/aws/3.16.0/darwin_amd64/terraform-provider-aws_v3.16.0_x5 pid=57172
2020-11-20T19:33:29.160-0500 [DEBUG] plugin: waiting for RPC address: path=.terraform/plugins/registry.terraform.io/hashicorp/aws/3.16.0/darwin_amd64/terraform-provider-aws_v3.16.0_x5
2020-11-20T19:33:30.984-0500 [INFO]  plugin.terraform-provider-aws_v3.16.0_x5: configuring server automatic mTLS: timestamp=2020-11-20T19:33:30.979-0500
2020-11-20T19:33:31.017-0500 [DEBUG] plugin.terraform-provider-aws_v3.16.0_x5: plugin address: address=/var/folders/c4/5t0632x55hvcghzbhcd572kr0000gn/T/plugin399020859 network=unix timestamp=2020-11-20T19:33:31.017-0500
2020-11-20T19:33:31.017-0500 [DEBUG] plugin: using plugin: version=5
2020-11-20T19:33:31.101-0500 [TRACE] plugin.stdio: waiting for stdio data
2020/11/20 19:33:31 [TRACE] GRPCProvider: GetSchema
2020/11/20 19:33:31 [TRACE] GRPCProvider: Close
2020-11-20T19:33:31.224-0500 [WARN]  plugin.stdio: received EOF, stopping recv loop: err="rpc error: code = Unavailable desc = transport is closing"
2020-11-20T19:33:31.227-0500 [DEBUG] plugin: plugin process exited: path=.terraform/plugins/registry.terraform.io/hashicorp/aws/3.16.0/darwin_amd64/terraform-provider-aws_v3.16.0_x5 pid=57172
2020-11-20T19:33:31.227-0500 [DEBUG] plugin: plugin exited
2020/11/20 19:33:31 [TRACE] terraform.NewContext: complete
2020/11/20 19:33:31 [TRACE] backend/local: finished building terraform.Context
2020/11/20 19:33:31 [TRACE] backend/local: requesting interactive input, if necessary
2020/11/20 19:33:31 [TRACE] Context.Input: Prompting for provider arguments
2020/11/20 19:33:31 [TRACE] Context.Input: Provider provider.aws declared at main.tf:1,1-15
2020/11/20 19:33:31 [TRACE] Context.Input: Input for provider.aws: map[string]cty.Value{}
2020/11/20 19:33:31 [TRACE] backend/local: running validation operation
2020/11/20 19:33:31 [INFO] terraform: building graph: GraphTypeValidate
2020/11/20 19:33:31 [TRACE] Executing graph transform *terraform.ConfigTransformer
2020/11/20 19:33:31 [TRACE] ConfigTransformer: Starting for path: 
2020/11/20 19:33:31 [TRACE] Completed graph transform *terraform.ConfigTransformer with new graph:
  aws_s3_bucket.terraform_state - *terraform.NodeValidatableResource
  ------
2020/11/20 19:33:31 [TRACE] Executing graph transform *terraform.LocalTransformer
2020/11/20 19:33:31 [TRACE] Completed graph transform *terraform.LocalTransformer (no changes)
2020/11/20 19:33:31 [TRACE] Executing graph transform *terraform.OutputTransformer
2020/11/20 19:33:31 [TRACE] Completed graph transform *terraform.OutputTransformer (no changes)
2020/11/20 19:33:31 [TRACE] Executing graph transform *terraform.OrphanResourceInstanceTransformer
2020/11/20 19:33:31 [TRACE] Completed graph transform *terraform.OrphanResourceInstanceTransformer (no changes)
2020/11/20 19:33:31 [TRACE] Executing graph transform *terraform.StateTransformer
2020/11/20 19:33:31 [TRACE] StateTransformer: state is empty, so nothing to do
2020/11/20 19:33:31 [TRACE] Completed graph transform *terraform.StateTransformer (no changes)
2020/11/20 19:33:31 [TRACE] Executing graph transform *terraform.OrphanOutputTransformer
2020/11/20 19:33:31 [TRACE] Completed graph transform *terraform.OrphanOutputTransformer (no changes)
2020/11/20 19:33:31 [TRACE] Executing graph transform *terraform.AttachResourceConfigTransformer
2020/11/20 19:33:31 [TRACE] AttachResourceConfigTransformer: attaching to "aws_s3_bucket.terraform_state" (*terraform.NodeValidatableResource) config from main.tf:4,1-43
2020/11/20 19:33:31 [TRACE] AttachResourceConfigTransformer: attaching provider meta configs to aws_s3_bucket.terraform_state
2020/11/20 19:33:31 [TRACE] Completed graph transform *terraform.AttachResourceConfigTransformer (no changes)
2020/11/20 19:33:31 [TRACE] Executing graph transform *terraform.AttachStateTransformer
2020/11/20 19:33:31 [TRACE] Completed graph transform *terraform.AttachStateTransformer (no changes)
2020/11/20 19:33:31 [TRACE] Executing graph transform *terraform.RootVariableTransformer
2020/11/20 19:33:31 [TRACE] Completed graph transform *terraform.RootVariableTransformer (no changes)
2020/11/20 19:33:31 [TRACE] Executing graph transform *terraform.MissingProvisionerTransformer
2020/11/20 19:33:31 [TRACE] Completed graph transform *terraform.MissingProvisionerTransformer (no changes)
2020/11/20 19:33:31 [TRACE] Executing graph transform *terraform.ProvisionerTransformer
2020/11/20 19:33:31 [TRACE] Completed graph transform *terraform.ProvisionerTransformer (no changes)
2020/11/20 19:33:31 [TRACE] Executing graph transform *terraform.ModuleVariableTransformer
2020/11/20 19:33:31 [TRACE] Completed graph transform *terraform.ModuleVariableTransformer (no changes)
2020/11/20 19:33:31 [TRACE] Executing graph transform *terraform.graphTransformerMulti
2020/11/20 19:33:31 [TRACE] (graphTransformerMulti) Executing graph transform *terraform.ProviderConfigTransformer
2020/11/20 19:33:31 [TRACE] ProviderConfigTransformer: attaching to "provider[\"registry.terraform.io/hashicorp/aws\"]" provider configuration from main.tf:1,1-15
2020/11/20 19:33:31 [TRACE] (graphTransformerMulti) Completed graph transform *terraform.ProviderConfigTransformer with new graph:
  aws_s3_bucket.terraform_state - *terraform.NodeValidatableResource
  provider["registry.terraform.io/hashicorp/aws"] - *terraform.NodeApplyableProvider
  ------
2020/11/20 19:33:31 [TRACE] (graphTransformerMulti) Executing graph transform *terraform.MissingProviderTransformer
2020/11/20 19:33:31 [TRACE] (graphTransformerMulti) Completed graph transform *terraform.MissingProviderTransformer (no changes)
2020/11/20 19:33:31 [TRACE] (graphTransformerMulti) Executing graph transform *terraform.ProviderTransformer
2020/11/20 19:33:31 [TRACE] ProviderTransformer: exact match for provider["registry.terraform.io/hashicorp/aws"] serving aws_s3_bucket.terraform_state
2020/11/20 19:33:31 [DEBUG] ProviderTransformer: "aws_s3_bucket.terraform_state" (*terraform.NodeValidatableResource) needs provider["registry.terraform.io/hashicorp/aws"]
2020/11/20 19:33:31 [TRACE] (graphTransformerMulti) Completed graph transform *terraform.ProviderTransformer with new graph:
  aws_s3_bucket.terraform_state - *terraform.NodeValidatableResource
    provider["registry.terraform.io/hashicorp/aws"] - *terraform.NodeApplyableProvider
  provider["registry.terraform.io/hashicorp/aws"] - *terraform.NodeApplyableProvider
  ------
2020/11/20 19:33:31 [TRACE] (graphTransformerMulti) Executing graph transform *terraform.PruneProviderTransformer
2020/11/20 19:33:31 [TRACE] (graphTransformerMulti) Completed graph transform *terraform.PruneProviderTransformer (no changes)
2020/11/20 19:33:31 [TRACE] (graphTransformerMulti) Executing graph transform *terraform.ParentProviderTransformer
2020/11/20 19:33:31 [TRACE] (graphTransformerMulti) Completed graph transform *terraform.ParentProviderTransformer (no changes)
2020/11/20 19:33:31 [TRACE] Completed graph transform *terraform.graphTransformerMulti with new graph:
  aws_s3_bucket.terraform_state - *terraform.NodeValidatableResource
    provider["registry.terraform.io/hashicorp/aws"] - *terraform.NodeApplyableProvider
  provider["registry.terraform.io/hashicorp/aws"] - *terraform.NodeApplyableProvider
  ------
2020/11/20 19:33:31 [TRACE] Executing graph transform *terraform.RemovedModuleTransformer
2020/11/20 19:33:31 [TRACE] Completed graph transform *terraform.RemovedModuleTransformer (no changes)
2020/11/20 19:33:31 [TRACE] Executing graph transform *terraform.AttachSchemaTransformer
2020/11/20 19:33:31 [TRACE] AttachSchemaTransformer: attaching resource schema to aws_s3_bucket.terraform_state
2020/11/20 19:33:31 [TRACE] AttachSchemaTransformer: attaching provider config schema to provider["registry.terraform.io/hashicorp/aws"]
2020/11/20 19:33:31 [TRACE] Completed graph transform *terraform.AttachSchemaTransformer (no changes)
2020/11/20 19:33:31 [TRACE] Executing graph transform *terraform.ModuleExpansionTransformer
2020/11/20 19:33:31 [TRACE] Completed graph transform *terraform.ModuleExpansionTransformer (no changes)
2020/11/20 19:33:31 [TRACE] Executing graph transform *terraform.ReferenceTransformer
2020/11/20 19:33:31 [DEBUG] ReferenceTransformer: "provider[\"registry.terraform.io/hashicorp/aws\"]" references: []
2020/11/20 19:33:31 [DEBUG] ReferenceTransformer: "aws_s3_bucket.terraform_state" references: []
2020/11/20 19:33:31 [TRACE] Completed graph transform *terraform.ReferenceTransformer (no changes)
2020/11/20 19:33:31 [TRACE] Executing graph transform *terraform.attachDataResourceDependenciesTransformer
2020/11/20 19:33:31 [TRACE] Completed graph transform *terraform.attachDataResourceDependenciesTransformer (no changes)
2020/11/20 19:33:31 [TRACE] Executing graph transform *terraform.TargetsTransformer
2020/11/20 19:33:31 [TRACE] Completed graph transform *terraform.TargetsTransformer (no changes)
2020/11/20 19:33:31 [TRACE] Executing graph transform *terraform.ForcedCBDTransformer
2020/11/20 19:33:31 [TRACE] Completed graph transform *terraform.ForcedCBDTransformer (no changes)
2020/11/20 19:33:31 [TRACE] Executing graph transform *terraform.CountBoundaryTransformer
2020/11/20 19:33:31 [TRACE] Completed graph transform *terraform.CountBoundaryTransformer with new graph:
  aws_s3_bucket.terraform_state - *terraform.NodeValidatableResource
    provider["registry.terraform.io/hashicorp/aws"] - *terraform.NodeApplyableProvider
  meta.count-boundary (EachMode fixup) - *terraform.NodeCountBoundary
    aws_s3_bucket.terraform_state - *terraform.NodeValidatableResource
    provider["registry.terraform.io/hashicorp/aws"] - *terraform.NodeApplyableProvider
  provider["registry.terraform.io/hashicorp/aws"] - *terraform.NodeApplyableProvider
  ------
2020/11/20 19:33:31 [TRACE] Executing graph transform *terraform.CloseProviderTransformer
2020/11/20 19:33:31 [TRACE] Completed graph transform *terraform.CloseProviderTransformer with new graph:
  aws_s3_bucket.terraform_state - *terraform.NodeValidatableResource
    provider["registry.terraform.io/hashicorp/aws"] - *terraform.NodeApplyableProvider
  meta.count-boundary (EachMode fixup) - *terraform.NodeCountBoundary
    aws_s3_bucket.terraform_state - *terraform.NodeValidatableResource
    provider["registry.terraform.io/hashicorp/aws"] - *terraform.NodeApplyableProvider
  provider["registry.terraform.io/hashicorp/aws"] - *terraform.NodeApplyableProvider
  provider["registry.terraform.io/hashicorp/aws"] (close) - *terraform.graphNodeCloseProvider
    aws_s3_bucket.terraform_state - *terraform.NodeValidatableResource
    provider["registry.terraform.io/hashicorp/aws"] - *terraform.NodeApplyableProvider
  ------
2020/11/20 19:33:31 [TRACE] Executing graph transform *terraform.CloseProvisionerTransformer
2020/11/20 19:33:31 [TRACE] Completed graph transform *terraform.CloseProvisionerTransformer (no changes)
2020/11/20 19:33:31 [TRACE] Executing graph transform *terraform.CloseRootModuleTransformer
2020/11/20 19:33:31 [TRACE] Completed graph transform *terraform.CloseRootModuleTransformer with new graph:
  aws_s3_bucket.terraform_state - *terraform.NodeValidatableResource
    provider["registry.terraform.io/hashicorp/aws"] - *terraform.NodeApplyableProvider
  meta.count-boundary (EachMode fixup) - *terraform.NodeCountBoundary
    aws_s3_bucket.terraform_state - *terraform.NodeValidatableResource
    provider["registry.terraform.io/hashicorp/aws"] - *terraform.NodeApplyableProvider
  provider["registry.terraform.io/hashicorp/aws"] - *terraform.NodeApplyableProvider
  provider["registry.terraform.io/hashicorp/aws"] (close) - *terraform.graphNodeCloseProvider
    aws_s3_bucket.terraform_state - *terraform.NodeValidatableResource
    provider["registry.terraform.io/hashicorp/aws"] - *terraform.NodeApplyableProvider
  root - *terraform.nodeCloseModule
    meta.count-boundary (EachMode fixup) - *terraform.NodeCountBoundary
    provider["registry.terraform.io/hashicorp/aws"] (close) - *terraform.graphNodeCloseProvider
  ------
2020/11/20 19:33:31 [TRACE] Executing graph transform *terraform.TransitiveReductionTransformer
2020/11/20 19:33:31 [TRACE] Completed graph transform *terraform.TransitiveReductionTransformer with new graph:
  aws_s3_bucket.terraform_state - *terraform.NodeValidatableResource
    provider["registry.terraform.io/hashicorp/aws"] - *terraform.NodeApplyableProvider
  meta.count-boundary (EachMode fixup) - *terraform.NodeCountBoundary
    aws_s3_bucket.terraform_state - *terraform.NodeValidatableResource
  provider["registry.terraform.io/hashicorp/aws"] - *terraform.NodeApplyableProvider
  provider["registry.terraform.io/hashicorp/aws"] (close) - *terraform.graphNodeCloseProvider
    aws_s3_bucket.terraform_state - *terraform.NodeValidatableResource
  root - *terraform.nodeCloseModule
    meta.count-boundary (EachMode fixup) - *terraform.NodeCountBoundary
    provider["registry.terraform.io/hashicorp/aws"] (close) - *terraform.graphNodeCloseProvider
  ------
2020/11/20 19:33:31 [DEBUG] Starting graph walk: walkValidate
2020/11/20 19:33:31 [TRACE] dag/walk: visiting "provider[\"registry.terraform.io/hashicorp/aws\"]"
2020/11/20 19:33:31 [TRACE] vertex "provider[\"registry.terraform.io/hashicorp/aws\"]": starting visit (*terraform.NodeApplyableProvider)
2020/11/20 19:33:31 [TRACE] vertex "provider[\"registry.terraform.io/hashicorp/aws\"]": evaluating
2020/11/20 19:33:31 [TRACE] [walkValidate] Entering eval tree: provider["registry.terraform.io/hashicorp/aws"]
2020/11/20 19:33:31 [TRACE] eval: *terraform.EvalSequence
2020/11/20 19:33:31 [TRACE] eval: *terraform.EvalInitProvider
2020-11-20T19:33:31.241-0500 [INFO]  plugin: configuring client automatic mTLS
2020-11-20T19:33:31.276-0500 [DEBUG] plugin: starting plugin: path=.terraform/plugins/registry.terraform.io/hashicorp/aws/3.16.0/darwin_amd64/terraform-provider-aws_v3.16.0_x5 args=[.terraform/plugins/registry.terraform.io/hashicorp/aws/3.16.0/darwin_amd64/terraform-provider-aws_v3.16.0_x5]
2020-11-20T19:33:31.288-0500 [DEBUG] plugin: plugin started: path=.terraform/plugins/registry.terraform.io/hashicorp/aws/3.16.0/darwin_amd64/terraform-provider-aws_v3.16.0_x5 pid=57173
2020-11-20T19:33:31.288-0500 [DEBUG] plugin: waiting for RPC address: path=.terraform/plugins/registry.terraform.io/hashicorp/aws/3.16.0/darwin_amd64/terraform-provider-aws_v3.16.0_x5
2020-11-20T19:33:31.330-0500 [INFO]  plugin.terraform-provider-aws_v3.16.0_x5: configuring server automatic mTLS: timestamp=2020-11-20T19:33:31.329-0500
2020-11-20T19:33:31.363-0500 [DEBUG] plugin.terraform-provider-aws_v3.16.0_x5: plugin address: network=unix address=/var/folders/c4/5t0632x55hvcghzbhcd572kr0000gn/T/plugin040029816 timestamp=2020-11-20T19:33:31.363-0500
2020-11-20T19:33:31.363-0500 [DEBUG] plugin: using plugin: version=5
2020/11/20 19:33:31 [TRACE] BuiltinEvalContext: Initialized "provider[\"registry.terraform.io/hashicorp/aws\"]" provider for provider["registry.terraform.io/hashicorp/aws"]
2020/11/20 19:33:31 [TRACE] eval: *terraform.EvalOpFilter
2020/11/20 19:33:31 [TRACE] eval: *terraform.EvalSequence
2020/11/20 19:33:31 [TRACE] eval: *terraform.EvalGetProvider
2020-11-20T19:33:31.439-0500 [TRACE] plugin.stdio: waiting for stdio data
2020/11/20 19:33:31 [TRACE] eval: *terraform.EvalValidateProvider
2020/11/20 19:33:31 [TRACE] buildProviderConfig for provider["registry.terraform.io/hashicorp/aws"]: using explicit config only
2020/11/20 19:33:31 [TRACE] GRPCProvider: GetSchema
2020/11/20 19:33:31 [TRACE] GRPCProvider: PrepareProviderConfig
2020/11/20 19:33:31 [TRACE] eval: terraform.EvalNoop
2020/11/20 19:33:31 [TRACE] eval: terraform.EvalNoop
2020/11/20 19:33:31 [TRACE] eval: terraform.EvalNoop
2020/11/20 19:33:31 [TRACE] [walkValidate] Exiting eval tree: provider["registry.terraform.io/hashicorp/aws"]
2020/11/20 19:33:31 [TRACE] vertex "provider[\"registry.terraform.io/hashicorp/aws\"]": visit complete
2020/11/20 19:33:31 [TRACE] dag/walk: visiting "aws_s3_bucket.terraform_state"
2020/11/20 19:33:31 [TRACE] vertex "aws_s3_bucket.terraform_state": starting visit (*terraform.NodeValidatableResource)
2020/11/20 19:33:31 [TRACE] vertex "aws_s3_bucket.terraform_state": evaluating
2020/11/20 19:33:31 [TRACE] [walkValidate] Entering eval tree: aws_s3_bucket.terraform_state
2020/11/20 19:33:31 [TRACE] eval: *terraform.EvalSequence
2020/11/20 19:33:31 [TRACE] eval: *terraform.EvalGetProvider
2020/11/20 19:33:31 [TRACE] eval: *terraform.EvalValidateResource
2020/11/20 19:33:31 [TRACE] GRPCProvider: ValidateResourceTypeConfig
2020/11/20 19:33:31 [TRACE] [walkValidate] Exiting eval tree: aws_s3_bucket.terraform_state
2020/11/20 19:33:31 [TRACE] vertex "aws_s3_bucket.terraform_state": visit complete
2020/11/20 19:33:31 [TRACE] dag/walk: visiting "meta.count-boundary (EachMode fixup)"
2020/11/20 19:33:31 [TRACE] vertex "meta.count-boundary (EachMode fixup)": starting visit (*terraform.NodeCountBoundary)
2020/11/20 19:33:31 [TRACE] vertex "meta.count-boundary (EachMode fixup)": evaluating
2020/11/20 19:33:31 [TRACE] [walkValidate] Entering eval tree: meta.count-boundary (EachMode fixup)
2020/11/20 19:33:31 [TRACE] eval: *terraform.EvalCountFixZeroOneBoundaryGlobal
2020/11/20 19:33:31 [TRACE] [walkValidate] Exiting eval tree: meta.count-boundary (EachMode fixup)
2020/11/20 19:33:31 [TRACE] vertex "meta.count-boundary (EachMode fixup)": visit complete
2020/11/20 19:33:31 [TRACE] dag/walk: visiting "provider[\"registry.terraform.io/hashicorp/aws\"] (close)"
2020/11/20 19:33:31 [TRACE] vertex "provider[\"registry.terraform.io/hashicorp/aws\"] (close)": starting visit (*terraform.graphNodeCloseProvider)
2020/11/20 19:33:31 [TRACE] vertex "provider[\"registry.terraform.io/hashicorp/aws\"] (close)": evaluating
2020/11/20 19:33:31 [TRACE] [walkValidate] Entering eval tree: provider["registry.terraform.io/hashicorp/aws"] (close)
2020/11/20 19:33:31 [TRACE] eval: *terraform.EvalCloseProvider
2020/11/20 19:33:31 [TRACE] GRPCProvider: Close
2020-11-20T19:33:31.649-0500 [WARN]  plugin.stdio: received EOF, stopping recv loop: err="rpc error: code = Unavailable desc = transport is closing"
2020-11-20T19:33:31.654-0500 [DEBUG] plugin: plugin process exited: path=.terraform/plugins/registry.terraform.io/hashicorp/aws/3.16.0/darwin_amd64/terraform-provider-aws_v3.16.0_x5 pid=57173
2020-11-20T19:33:31.654-0500 [DEBUG] plugin: plugin exited
2020/11/20 19:33:31 [TRACE] [walkValidate] Exiting eval tree: provider["registry.terraform.io/hashicorp/aws"] (close)
2020/11/20 19:33:31 [TRACE] vertex "provider[\"registry.terraform.io/hashicorp/aws\"] (close)": visit complete
2020/11/20 19:33:31 [TRACE] dag/walk: visiting "root"
2020/11/20 19:33:31 [TRACE] vertex "root": starting visit (*terraform.nodeCloseModule)
2020/11/20 19:33:31 [TRACE] vertex "root": evaluating
2020/11/20 19:33:31 [TRACE] [walkValidate] Entering eval tree: root
2020/11/20 19:33:31 [TRACE] eval: *terraform.EvalSequence
2020/11/20 19:33:31 [TRACE] eval: terraform.EvalNoop
2020/11/20 19:33:31 [TRACE] [walkValidate] Exiting eval tree: root
2020/11/20 19:33:31 [TRACE] vertex "root": visit complete
2020/11/20 19:33:31 [INFO] backend/local: plan calling Refresh
2020/11/20 19:33:31 [INFO] terraform: building graph: GraphTypeRefresh
2020/11/20 19:33:31 [TRACE] No managed resources in state during refresh; skipping managed resource transformer
2020/11/20 19:33:31 [TRACE] Executing graph transform *terraform.ConfigTransformer
2020/11/20 19:33:31 [TRACE] ConfigTransformer: Starting for path: 
2020/11/20 19:33:31 [TRACE] Completed graph transform *terraform.ConfigTransformer (no changes)
2020/11/20 19:33:31 [TRACE] Executing graph transform *terraform.OrphanResourceInstanceTransformer
2020/11/20 19:33:31 [TRACE] Completed graph transform *terraform.OrphanResourceInstanceTransformer (no changes)
2020/11/20 19:33:31 [TRACE] Executing graph transform *terraform.StateTransformer
2020/11/20 19:33:31 [TRACE] StateTransformer: state is empty, so nothing to do
2020/11/20 19:33:31 [TRACE] Completed graph transform *terraform.StateTransformer (no changes)
2020/11/20 19:33:31 [TRACE] Executing graph transform *terraform.AttachStateTransformer
2020/11/20 19:33:31 [TRACE] Completed graph transform *terraform.AttachStateTransformer (no changes)
2020/11/20 19:33:31 [TRACE] Executing graph transform *terraform.AttachResourceConfigTransformer
2020/11/20 19:33:31 [TRACE] Completed graph transform *terraform.AttachResourceConfigTransformer (no changes)
2020/11/20 19:33:31 [TRACE] Executing graph transform *terraform.RootVariableTransformer
2020/11/20 19:33:31 [TRACE] Completed graph transform *terraform.RootVariableTransformer (no changes)
2020/11/20 19:33:31 [TRACE] Executing graph transform *terraform.LocalTransformer
2020/11/20 19:33:31 [TRACE] Completed graph transform *terraform.LocalTransformer (no changes)
2020/11/20 19:33:31 [TRACE] Executing graph transform *terraform.OutputTransformer
2020/11/20 19:33:31 [TRACE] Completed graph transform *terraform.OutputTransformer (no changes)
2020/11/20 19:33:31 [TRACE] Executing graph transform *terraform.ModuleVariableTransformer
2020/11/20 19:33:31 [TRACE] Completed graph transform *terraform.ModuleVariableTransformer (no changes)
2020/11/20 19:33:31 [TRACE] Executing graph transform *terraform.graphTransformerMulti
2020/11/20 19:33:31 [TRACE] (graphTransformerMulti) Executing graph transform *terraform.ProviderConfigTransformer
2020/11/20 19:33:31 [TRACE] ProviderConfigTransformer: attaching to "provider[\"registry.terraform.io/hashicorp/aws\"]" provider configuration from main.tf:1,1-15
2020/11/20 19:33:31 [TRACE] (graphTransformerMulti) Completed graph transform *terraform.ProviderConfigTransformer with new graph:
  provider["registry.terraform.io/hashicorp/aws"] - *terraform.NodeApplyableProvider
  ------
2020/11/20 19:33:31 [TRACE] (graphTransformerMulti) Executing graph transform *terraform.MissingProviderTransformer
2020/11/20 19:33:31 [TRACE] (graphTransformerMulti) Completed graph transform *terraform.MissingProviderTransformer (no changes)
2020/11/20 19:33:31 [TRACE] (graphTransformerMulti) Executing graph transform *terraform.ProviderTransformer
2020/11/20 19:33:31 [TRACE] (graphTransformerMulti) Completed graph transform *terraform.ProviderTransformer (no changes)
2020/11/20 19:33:31 [TRACE] (graphTransformerMulti) Executing graph transform *terraform.PruneProviderTransformer
2020/11/20 19:33:31 [DEBUG] pruning unused provider["registry.terraform.io/hashicorp/aws"]
2020/11/20 19:33:31 [TRACE] (graphTransformerMulti) Completed graph transform *terraform.PruneProviderTransformer with new graph:
  ------
2020/11/20 19:33:31 [TRACE] (graphTransformerMulti) Executing graph transform *terraform.ParentProviderTransformer
2020/11/20 19:33:31 [TRACE] (graphTransformerMulti) Completed graph transform *terraform.ParentProviderTransformer (no changes)
2020/11/20 19:33:31 [TRACE] Completed graph transform *terraform.graphTransformerMulti (no changes)
2020/11/20 19:33:31 [TRACE] Executing graph transform *terraform.AttachSchemaTransformer
2020/11/20 19:33:31 [TRACE] Completed graph transform *terraform.AttachSchemaTransformer (no changes)
2020/11/20 19:33:31 [TRACE] Executing graph transform *terraform.ModuleExpansionTransformer
2020/11/20 19:33:31 [TRACE] Completed graph transform *terraform.ModuleExpansionTransformer (no changes)
2020/11/20 19:33:31 [TRACE] Executing graph transform *terraform.ReferenceTransformer
2020/11/20 19:33:31 [TRACE] Completed graph transform *terraform.ReferenceTransformer (no changes)
2020/11/20 19:33:31 [TRACE] Executing graph transform *terraform.AttachDependenciesTransformer
2020/11/20 19:33:31 [TRACE] Completed graph transform *terraform.AttachDependenciesTransformer (no changes)
2020/11/20 19:33:31 [TRACE] Executing graph transform *terraform.attachDataResourceDependenciesTransformer
2020/11/20 19:33:31 [TRACE] Completed graph transform *terraform.attachDataResourceDependenciesTransformer (no changes)
2020/11/20 19:33:31 [TRACE] Executing graph transform *terraform.TargetsTransformer
2020/11/20 19:33:31 [TRACE] Completed graph transform *terraform.TargetsTransformer (no changes)
2020/11/20 19:33:31 [TRACE] Executing graph transform *terraform.CloseProviderTransformer
2020/11/20 19:33:31 [TRACE] Completed graph transform *terraform.CloseProviderTransformer (no changes)
2020/11/20 19:33:31 [TRACE] Executing graph transform *terraform.CloseRootModuleTransformer
2020/11/20 19:33:31 [TRACE] Completed graph transform *terraform.CloseRootModuleTransformer with new graph:
  root - *terraform.nodeCloseModule
  ------
2020/11/20 19:33:31 [TRACE] Executing graph transform *terraform.TransitiveReductionTransformer
2020/11/20 19:33:31 [TRACE] Completed graph transform *terraform.TransitiveReductionTransformer (no changes)
2020/11/20 19:33:31 [DEBUG] Starting graph walk: walkRefresh
2020/11/20 19:33:31 [TRACE] dag/walk: visiting "root"
2020/11/20 19:33:31 [TRACE] vertex "root": starting visit (*terraform.nodeCloseModule)
2020/11/20 19:33:31 [TRACE] vertex "root": evaluating
2020/11/20 19:33:31 [TRACE] [walkRefresh] Entering eval tree: root
2020/11/20 19:33:31 [TRACE] eval: *terraform.EvalSequence
2020/11/20 19:33:31 [TRACE] eval: terraform.EvalNoop
2020/11/20 19:33:31 [TRACE] [walkRefresh] Exiting eval tree: root
2020/11/20 19:33:31 [TRACE] vertex "root": visit complete
2020/11/20 19:33:31 [INFO] backend/local: plan calling Plan
2020/11/20 19:33:31 [INFO] terraform: building graph: GraphTypePlan
2020/11/20 19:33:31 [TRACE] Executing graph transform *terraform.ConfigTransformer
2020/11/20 19:33:31 [TRACE] ConfigTransformer: Starting for path: 
2020/11/20 19:33:31 [TRACE] Completed graph transform *terraform.ConfigTransformer with new graph:
  aws_s3_bucket.terraform_state (expand) - *terraform.nodeExpandPlannableResource
  ------
2020/11/20 19:33:31 [TRACE] Executing graph transform *terraform.LocalTransformer
2020/11/20 19:33:31 [TRACE] Completed graph transform *terraform.LocalTransformer (no changes)
2020/11/20 19:33:31 [TRACE] Executing graph transform *terraform.OutputTransformer
2020/11/20 19:33:31 [TRACE] Completed graph transform *terraform.OutputTransformer (no changes)
2020/11/20 19:33:31 [TRACE] Executing graph transform *terraform.OrphanResourceInstanceTransformer
2020/11/20 19:33:31 [TRACE] Completed graph transform *terraform.OrphanResourceInstanceTransformer (no changes)
2020/11/20 19:33:31 [TRACE] Executing graph transform *terraform.StateTransformer
2020/11/20 19:33:31 [TRACE] StateTransformer: state is empty, so nothing to do
2020/11/20 19:33:31 [TRACE] Completed graph transform *terraform.StateTransformer (no changes)
2020/11/20 19:33:31 [TRACE] Executing graph transform *terraform.OrphanOutputTransformer
2020/11/20 19:33:31 [TRACE] Completed graph transform *terraform.OrphanOutputTransformer (no changes)
2020/11/20 19:33:31 [TRACE] Executing graph transform *terraform.AttachResourceConfigTransformer
2020/11/20 19:33:31 [TRACE] AttachResourceConfigTransformer: attaching to "aws_s3_bucket.terraform_state (expand)" (*terraform.nodeExpandPlannableResource) config from main.tf:4,1-43
2020/11/20 19:33:31 [TRACE] AttachResourceConfigTransformer: attaching provider meta configs to aws_s3_bucket.terraform_state (expand)
2020/11/20 19:33:31 [TRACE] Completed graph transform *terraform.AttachResourceConfigTransformer (no changes)
2020/11/20 19:33:31 [TRACE] Executing graph transform *terraform.AttachStateTransformer
2020/11/20 19:33:31 [TRACE] Completed graph transform *terraform.AttachStateTransformer (no changes)
2020/11/20 19:33:31 [TRACE] Executing graph transform *terraform.RootVariableTransformer
2020/11/20 19:33:31 [TRACE] Completed graph transform *terraform.RootVariableTransformer (no changes)
2020/11/20 19:33:31 [TRACE] Executing graph transform *terraform.MissingProvisionerTransformer
2020/11/20 19:33:31 [TRACE] Completed graph transform *terraform.MissingProvisionerTransformer (no changes)
2020/11/20 19:33:31 [TRACE] Executing graph transform *terraform.ProvisionerTransformer
2020/11/20 19:33:31 [TRACE] Completed graph transform *terraform.ProvisionerTransformer (no changes)
2020/11/20 19:33:31 [TRACE] Executing graph transform *terraform.ModuleVariableTransformer
2020/11/20 19:33:31 [TRACE] Completed graph transform *terraform.ModuleVariableTransformer (no changes)
2020/11/20 19:33:31 [TRACE] Executing graph transform *terraform.graphTransformerMulti
2020/11/20 19:33:31 [TRACE] (graphTransformerMulti) Executing graph transform *terraform.ProviderConfigTransformer
2020/11/20 19:33:31 [TRACE] ProviderConfigTransformer: attaching to "provider[\"registry.terraform.io/hashicorp/aws\"]" provider configuration from main.tf:1,1-15
2020/11/20 19:33:31 [TRACE] (graphTransformerMulti) Completed graph transform *terraform.ProviderConfigTransformer with new graph:
  aws_s3_bucket.terraform_state (expand) - *terraform.nodeExpandPlannableResource
  provider["registry.terraform.io/hashicorp/aws"] - *terraform.NodeApplyableProvider
  ------
2020/11/20 19:33:31 [TRACE] (graphTransformerMulti) Executing graph transform *terraform.MissingProviderTransformer
2020/11/20 19:33:31 [TRACE] (graphTransformerMulti) Completed graph transform *terraform.MissingProviderTransformer (no changes)
2020/11/20 19:33:31 [TRACE] (graphTransformerMulti) Executing graph transform *terraform.ProviderTransformer
2020/11/20 19:33:31 [TRACE] ProviderTransformer: exact match for provider["registry.terraform.io/hashicorp/aws"] serving aws_s3_bucket.terraform_state (expand)
2020/11/20 19:33:31 [DEBUG] ProviderTransformer: "aws_s3_bucket.terraform_state (expand)" (*terraform.nodeExpandPlannableResource) needs provider["registry.terraform.io/hashicorp/aws"]
2020/11/20 19:33:31 [TRACE] (graphTransformerMulti) Completed graph transform *terraform.ProviderTransformer with new graph:
  aws_s3_bucket.terraform_state (expand) - *terraform.nodeExpandPlannableResource
    provider["registry.terraform.io/hashicorp/aws"] - *terraform.NodeApplyableProvider
  provider["registry.terraform.io/hashicorp/aws"] - *terraform.NodeApplyableProvider
  ------
2020/11/20 19:33:31 [TRACE] (graphTransformerMulti) Executing graph transform *terraform.PruneProviderTransformer
2020/11/20 19:33:31 [TRACE] (graphTransformerMulti) Completed graph transform *terraform.PruneProviderTransformer (no changes)
2020/11/20 19:33:31 [TRACE] (graphTransformerMulti) Executing graph transform *terraform.ParentProviderTransformer
2020/11/20 19:33:31 [TRACE] (graphTransformerMulti) Completed graph transform *terraform.ParentProviderTransformer (no changes)
2020/11/20 19:33:31 [TRACE] Completed graph transform *terraform.graphTransformerMulti with new graph:
  aws_s3_bucket.terraform_state (expand) - *terraform.nodeExpandPlannableResource
    provider["registry.terraform.io/hashicorp/aws"] - *terraform.NodeApplyableProvider
  provider["registry.terraform.io/hashicorp/aws"] - *terraform.NodeApplyableProvider
  ------
2020/11/20 19:33:31 [TRACE] Executing graph transform *terraform.RemovedModuleTransformer
2020/11/20 19:33:31 [TRACE] Completed graph transform *terraform.RemovedModuleTransformer (no changes)
2020/11/20 19:33:31 [TRACE] Executing graph transform *terraform.AttachSchemaTransformer
2020/11/20 19:33:31 [TRACE] AttachSchemaTransformer: attaching resource schema to aws_s3_bucket.terraform_state (expand)
2020/11/20 19:33:31 [TRACE] AttachSchemaTransformer: attaching provider config schema to provider["registry.terraform.io/hashicorp/aws"]
2020/11/20 19:33:31 [TRACE] Completed graph transform *terraform.AttachSchemaTransformer (no changes)
2020/11/20 19:33:31 [TRACE] Executing graph transform *terraform.ModuleExpansionTransformer
2020/11/20 19:33:31 [TRACE] Completed graph transform *terraform.ModuleExpansionTransformer (no changes)
2020/11/20 19:33:31 [TRACE] Executing graph transform *terraform.ReferenceTransformer
2020/11/20 19:33:31 [DEBUG] ReferenceTransformer: "provider[\"registry.terraform.io/hashicorp/aws\"]" references: []
2020/11/20 19:33:31 [DEBUG] ReferenceTransformer: "aws_s3_bucket.terraform_state (expand)" references: []
2020/11/20 19:33:31 [TRACE] Completed graph transform *terraform.ReferenceTransformer (no changes)
2020/11/20 19:33:31 [TRACE] Executing graph transform *terraform.attachDataResourceDependenciesTransformer
2020/11/20 19:33:31 [TRACE] Completed graph transform *terraform.attachDataResourceDependenciesTransformer (no changes)
2020/11/20 19:33:31 [TRACE] Executing graph transform *terraform.TargetsTransformer
2020/11/20 19:33:31 [TRACE] Completed graph transform *terraform.TargetsTransformer (no changes)
2020/11/20 19:33:31 [TRACE] Executing graph transform *terraform.ForcedCBDTransformer
2020/11/20 19:33:31 [TRACE] ForcedCBDTransformer: "aws_s3_bucket.terraform_state (expand)" (*terraform.nodeExpandPlannableResource) has no CBD descendent, so skipping
2020/11/20 19:33:31 [TRACE] Completed graph transform *terraform.ForcedCBDTransformer (no changes)
2020/11/20 19:33:31 [TRACE] Executing graph transform *terraform.CountBoundaryTransformer
2020/11/20 19:33:31 [TRACE] Completed graph transform *terraform.CountBoundaryTransformer with new graph:
  aws_s3_bucket.terraform_state (expand) - *terraform.nodeExpandPlannableResource
    provider["registry.terraform.io/hashicorp/aws"] - *terraform.NodeApplyableProvider
  meta.count-boundary (EachMode fixup) - *terraform.NodeCountBoundary
    aws_s3_bucket.terraform_state (expand) - *terraform.nodeExpandPlannableResource
    provider["registry.terraform.io/hashicorp/aws"] - *terraform.NodeApplyableProvider
  provider["registry.terraform.io/hashicorp/aws"] - *terraform.NodeApplyableProvider
  ------
2020/11/20 19:33:31 [TRACE] Executing graph transform *terraform.CloseProviderTransformer
2020/11/20 19:33:31 [TRACE] Completed graph transform *terraform.CloseProviderTransformer with new graph:
  aws_s3_bucket.terraform_state (expand) - *terraform.nodeExpandPlannableResource
    provider["registry.terraform.io/hashicorp/aws"] - *terraform.NodeApplyableProvider
  meta.count-boundary (EachMode fixup) - *terraform.NodeCountBoundary
    aws_s3_bucket.terraform_state (expand) - *terraform.nodeExpandPlannableResource
    provider["registry.terraform.io/hashicorp/aws"] - *terraform.NodeApplyableProvider
  provider["registry.terraform.io/hashicorp/aws"] - *terraform.NodeApplyableProvider
  provider["registry.terraform.io/hashicorp/aws"] (close) - *terraform.graphNodeCloseProvider
    aws_s3_bucket.terraform_state (expand) - *terraform.nodeExpandPlannableResource
    provider["registry.terraform.io/hashicorp/aws"] - *terraform.NodeApplyableProvider
  ------
2020/11/20 19:33:31 [TRACE] Executing graph transform *terraform.CloseProvisionerTransformer
2020/11/20 19:33:31 [TRACE] Completed graph transform *terraform.CloseProvisionerTransformer (no changes)
2020/11/20 19:33:31 [TRACE] Executing graph transform *terraform.CloseRootModuleTransformer
2020/11/20 19:33:31 [TRACE] Completed graph transform *terraform.CloseRootModuleTransformer with new graph:
  aws_s3_bucket.terraform_state (expand) - *terraform.nodeExpandPlannableResource
    provider["registry.terraform.io/hashicorp/aws"] - *terraform.NodeApplyableProvider
  meta.count-boundary (EachMode fixup) - *terraform.NodeCountBoundary
    aws_s3_bucket.terraform_state (expand) - *terraform.nodeExpandPlannableResource
    provider["registry.terraform.io/hashicorp/aws"] - *terraform.NodeApplyableProvider
  provider["registry.terraform.io/hashicorp/aws"] - *terraform.NodeApplyableProvider
  provider["registry.terraform.io/hashicorp/aws"] (close) - *terraform.graphNodeCloseProvider
    aws_s3_bucket.terraform_state (expand) - *terraform.nodeExpandPlannableResource
    provider["registry.terraform.io/hashicorp/aws"] - *terraform.NodeApplyableProvider
  root - *terraform.nodeCloseModule
    meta.count-boundary (EachMode fixup) - *terraform.NodeCountBoundary
    provider["registry.terraform.io/hashicorp/aws"] (close) - *terraform.graphNodeCloseProvider
  ------
2020/11/20 19:33:31 [TRACE] Executing graph transform *terraform.TransitiveReductionTransformer
2020/11/20 19:33:31 [TRACE] Completed graph transform *terraform.TransitiveReductionTransformer with new graph:
  aws_s3_bucket.terraform_state (expand) - *terraform.nodeExpandPlannableResource
    provider["registry.terraform.io/hashicorp/aws"] - *terraform.NodeApplyableProvider
  meta.count-boundary (EachMode fixup) - *terraform.NodeCountBoundary
    aws_s3_bucket.terraform_state (expand) - *terraform.nodeExpandPlannableResource
  provider["registry.terraform.io/hashicorp/aws"] - *terraform.NodeApplyableProvider
  provider["registry.terraform.io/hashicorp/aws"] (close) - *terraform.graphNodeCloseProvider
    aws_s3_bucket.terraform_state (expand) - *terraform.nodeExpandPlannableResource
  root - *terraform.nodeCloseModule
    meta.count-boundary (EachMode fixup) - *terraform.NodeCountBoundary
    provider["registry.terraform.io/hashicorp/aws"] (close) - *terraform.graphNodeCloseProvider
  ------
2020/11/20 19:33:31 [DEBUG] Starting graph walk: walkPlan
2020/11/20 19:33:31 [TRACE] dag/walk: visiting "provider[\"registry.terraform.io/hashicorp/aws\"]"
2020/11/20 19:33:31 [TRACE] vertex "provider[\"registry.terraform.io/hashicorp/aws\"]": starting visit (*terraform.NodeApplyableProvider)
2020/11/20 19:33:31 [TRACE] vertex "provider[\"registry.terraform.io/hashicorp/aws\"]": evaluating
2020/11/20 19:33:31 [TRACE] [walkPlan] Entering eval tree: provider["registry.terraform.io/hashicorp/aws"]
2020/11/20 19:33:31 [TRACE] eval: *terraform.EvalSequence
2020/11/20 19:33:31 [TRACE] eval: *terraform.EvalInitProvider
2020-11-20T19:33:31.658-0500 [INFO]  plugin: configuring client automatic mTLS
2020-11-20T19:33:31.691-0500 [DEBUG] plugin: starting plugin: path=.terraform/plugins/registry.terraform.io/hashicorp/aws/3.16.0/darwin_amd64/terraform-provider-aws_v3.16.0_x5 args=[.terraform/plugins/registry.terraform.io/hashicorp/aws/3.16.0/darwin_amd64/terraform-provider-aws_v3.16.0_x5]
2020-11-20T19:33:31.704-0500 [DEBUG] plugin: plugin started: path=.terraform/plugins/registry.terraform.io/hashicorp/aws/3.16.0/darwin_amd64/terraform-provider-aws_v3.16.0_x5 pid=57174
2020-11-20T19:33:31.704-0500 [DEBUG] plugin: waiting for RPC address: path=.terraform/plugins/registry.terraform.io/hashicorp/aws/3.16.0/darwin_amd64/terraform-provider-aws_v3.16.0_x5
2020-11-20T19:33:31.747-0500 [INFO]  plugin.terraform-provider-aws_v3.16.0_x5: configuring server automatic mTLS: timestamp=2020-11-20T19:33:31.746-0500
2020-11-20T19:33:31.784-0500 [DEBUG] plugin: using plugin: version=5
2020-11-20T19:33:31.784-0500 [DEBUG] plugin.terraform-provider-aws_v3.16.0_x5: plugin address: address=/var/folders/c4/5t0632x55hvcghzbhcd572kr0000gn/T/plugin098363541 network=unix timestamp=2020-11-20T19:33:31.783-0500
2020/11/20 19:33:31 [TRACE] BuiltinEvalContext: Initialized "provider[\"registry.terraform.io/hashicorp/aws\"]" provider for provider["registry.terraform.io/hashicorp/aws"]
2020/11/20 19:33:31 [TRACE] eval: terraform.EvalNoop
2020/11/20 19:33:31 [TRACE] eval: *terraform.EvalOpFilter
2020/11/20 19:33:31 [TRACE] eval: *terraform.EvalSequence
2020/11/20 19:33:31 [TRACE] eval: *terraform.EvalGetProvider
2020/11/20 19:33:31 [TRACE] eval: *terraform.EvalOpFilter
2020/11/20 19:33:31 [TRACE] eval: *terraform.EvalSequence
2020/11/20 19:33:31 [TRACE] eval: *terraform.EvalConfigProvider
2020/11/20 19:33:31 [TRACE] buildProviderConfig for provider["registry.terraform.io/hashicorp/aws"]: using explicit config only
2020/11/20 19:33:31 [TRACE] GRPCProvider: GetSchema
2020-11-20T19:33:31.855-0500 [TRACE] plugin.stdio: waiting for stdio data
2020/11/20 19:33:31 [TRACE] GRPCProvider: Configure
2020-11-20T19:33:31.961-0500 [DEBUG] plugin.terraform-provider-aws_v3.16.0_x5: 2020/11/20 19:33:31 [INFO] AWS Auth provider used: "SharedCredentialsProvider"
2020-11-20T19:33:31.962-0500 [DEBUG] plugin.terraform-provider-aws_v3.16.0_x5: 2020/11/20 19:33:31 [DEBUG] Trying to get account information via sts:GetCallerIdentity
2020/11/20 19:33:36 [TRACE] dag/walk: vertex "root" is waiting for "meta.count-boundary (EachMode fixup)"
2020/11/20 19:33:36 [TRACE] dag/walk: vertex "meta.count-boundary (EachMode fixup)" is waiting for "aws_s3_bucket.terraform_state (expand)"
2020/11/20 19:33:36 [TRACE] dag/walk: vertex "aws_s3_bucket.terraform_state (expand)" is waiting for "provider[\"registry.terraform.io/hashicorp/aws\"]"
2020/11/20 19:33:36 [TRACE] dag/walk: vertex "provider[\"registry.terraform.io/hashicorp/aws\"] (close)" is waiting for "aws_s3_bucket.terraform_state (expand)"
2020/11/20 19:33:41 [TRACE] dag/walk: vertex "provider[\"registry.terraform.io/hashicorp/aws\"] (close)" is waiting for "aws_s3_bucket.terraform_state (expand)"
2020/11/20 19:33:41 [TRACE] dag/walk: vertex "root" is waiting for "meta.count-boundary (EachMode fixup)"
2020/11/20 19:33:41 [TRACE] dag/walk: vertex "meta.count-boundary (EachMode fixup)" is waiting for "aws_s3_bucket.terraform_state (expand)"
2020/11/20 19:33:41 [TRACE] dag/walk: vertex "aws_s3_bucket.terraform_state (expand)" is waiting for "provider[\"registry.terraform.io/hashicorp/aws\"]"
2020/11/20 19:33:46 [TRACE] dag/walk: vertex "root" is waiting for "meta.count-boundary (EachMode fixup)"
2020/11/20 19:33:46 [TRACE] dag/walk: vertex "aws_s3_bucket.terraform_state (expand)" is waiting for "provider[\"registry.terraform.io/hashicorp/aws\"]"
2020/11/20 19:33:46 [TRACE] dag/walk: vertex "provider[\"registry.terraform.io/hashicorp/aws\"] (close)" is waiting for "aws_s3_bucket.terraform_state (expand)"
2020/11/20 19:33:46 [TRACE] dag/walk: vertex "meta.count-boundary (EachMode fixup)" is waiting for "aws_s3_bucket.terraform_state (expand)"
2020/11/20 19:33:51 [TRACE] dag/walk: vertex "meta.count-boundary (EachMode fixup)" is waiting for "aws_s3_bucket.terraform_state (expand)"
2020/11/20 19:33:51 [TRACE] dag/walk: vertex "aws_s3_bucket.terraform_state (expand)" is waiting for "provider[\"registry.terraform.io/hashicorp/aws\"]"
2020/11/20 19:33:51 [TRACE] dag/walk: vertex "root" is waiting for "meta.count-boundary (EachMode fixup)"
2020/11/20 19:33:51 [TRACE] dag/walk: vertex "provider[\"registry.terraform.io/hashicorp/aws\"] (close)" is waiting for "aws_s3_bucket.terraform_state (expand)"
2020/11/20 19:33:56 [TRACE] dag/walk: vertex "root" is waiting for "meta.count-boundary (EachMode fixup)"
2020/11/20 19:33:56 [TRACE] dag/walk: vertex "provider[\"registry.terraform.io/hashicorp/aws\"] (close)" is waiting for "aws_s3_bucket.terraform_state (expand)"
2020/11/20 19:33:56 [TRACE] dag/walk: vertex "aws_s3_bucket.terraform_state (expand)" is waiting for "provider[\"registry.terraform.io/hashicorp/aws\"]"
2020/11/20 19:33:56 [TRACE] dag/walk: vertex "meta.count-boundary (EachMode fixup)" is waiting for "aws_s3_bucket.terraform_state (expand)"
2020/11/20 19:34:01 [TRACE] dag/walk: vertex "provider[\"registry.terraform.io/hashicorp/aws\"] (close)" is waiting for "aws_s3_bucket.terraform_state (expand)"
2020/11/20 19:34:01 [TRACE] dag/walk: vertex "meta.count-boundary (EachMode fixup)" is waiting for "aws_s3_bucket.terraform_state (expand)"
2020/11/20 19:34:01 [TRACE] dag/walk: vertex "root" is waiting for "meta.count-boundary (EachMode fixup)"
2020/11/20 19:34:01 [TRACE] dag/walk: vertex "aws_s3_bucket.terraform_state (expand)" is waiting for "provider[\"registry.terraform.io/hashicorp/aws\"]"
2020/11/20 19:34:06 [TRACE] dag/walk: vertex "meta.count-boundary (EachMode fixup)" is waiting for "aws_s3_bucket.terraform_state (expand)"
2020/11/20 19:34:06 [TRACE] dag/walk: vertex "aws_s3_bucket.terraform_state (expand)" is waiting for "provider[\"registry.terraform.io/hashicorp/aws\"]"
2020/11/20 19:34:06 [TRACE] dag/walk: vertex "provider[\"registry.terraform.io/hashicorp/aws\"] (close)" is waiting for "aws_s3_bucket.terraform_state (expand)"
2020/11/20 19:34:06 [TRACE] dag/walk: vertex "root" is waiting for "meta.count-boundary (EachMode fixup)"
2020/11/20 19:34:08 [TRACE] backend/local: waiting for the running operation to stop
2020/11/20 19:34:08 [WARN] terraform: Stop called, initiating interrupt sequence
2020/11/20 19:34:08 [WARN] terraform: run context exists, stopping
2020/11/20 19:34:08 [INFO] terraform: waiting for graceful stop to complete
2020/11/20 19:34:08 [TRACE] Context: requesting providers and provisioners to gracefully stop
2020/11/20 19:34:08 [TRACE] GRPCProvider: Stop
2020-11-20T19:34:08.511-0500 [TRACE] plugin.terraform-provider-aws_v3.16.0_x5: plugin received interrupt signal, ignoring: count=1 timestamp=2020-11-20T19:34:08.510-0500
2020-11-20T19:34:08.515-0500 [DEBUG] plugin.terraform-provider-aws_v3.16.0_x5: panic: close of nil channel
2020-11-20T19:34:08.515-0500 [DEBUG] plugin.terraform-provider-aws_v3.16.0_x5: 
2020-11-20T19:34:08.515-0500 [DEBUG] plugin.terraform-provider-aws_v3.16.0_x5: goroutine 164 [running]:
2020-11-20T19:34:08.515-0500 [DEBUG] plugin.terraform-provider-aws_v3.16.0_x5: github.com/hashicorp/terraform-plugin-go/tfprotov5/server.(*server).stop(0xc001698ee0)
2020-11-20T19:34:08.515-0500 [DEBUG] plugin.terraform-provider-aws_v3.16.0_x5: 	/opt/teamcity-agent/work/5d79fe75d4460a2f/pkg/mod/github.com/hashicorp/terraform-plugin-go@v0.1.0/tfprotov5/server/server.go:201 +0x71
2020-11-20T19:34:08.515-0500 [DEBUG] plugin.terraform-provider-aws_v3.16.0_x5: github.com/hashicorp/terraform-plugin-go/tfprotov5/server.(*server).Stop(0xc001698ee0, 0x78b78e0, 0xc0014708a0, 0xc001470990, 0xc001698ee0, 0xc0014708a0, 0xc001489ba0)
2020-11-20T19:34:08.515-0500 [DEBUG] plugin.terraform-provider-aws_v3.16.0_x5: 	/opt/teamcity-agent/work/5d79fe75d4460a2f/pkg/mod/github.com/hashicorp/terraform-plugin-go@v0.1.0/tfprotov5/server/server.go:215 +0xa1
2020-11-20T19:34:08.515-0500 [DEBUG] plugin.terraform-provider-aws_v3.16.0_x5: github.com/hashicorp/terraform-plugin-go/tfprotov5/internal/tfplugin5._Provider_Stop_Handler(0x6b29be0, 0xc001698ee0, 0x78b78e0, 0xc0014708a0, 0xc001aec900, 0x0, 0x78b78e0, 0xc0014708a0, 0x0, 0x0)
2020-11-20T19:34:08.515-0500 [DEBUG] plugin.terraform-provider-aws_v3.16.0_x5: 	/opt/teamcity-agent/work/5d79fe75d4460a2f/pkg/mod/github.com/hashicorp/terraform-plugin-go@v0.1.0/tfprotov5/internal/tfplugin5/tfplugin5_grpc.pb.go:434 +0x217
2020-11-20T19:34:08.515-0500 [DEBUG] plugin.terraform-provider-aws_v3.16.0_x5: google.golang.org/grpc.(*Server).processUnaryRPC(0xc0002b5340, 0x78dc000, 0xc0003ac480, 0xc001ab6300, 0xc0006c5b00, 0xafc9d08, 0x0, 0x0, 0x0)
2020-11-20T19:34:08.515-0500 [DEBUG] plugin.terraform-provider-aws_v3.16.0_x5: 	/opt/teamcity-agent/work/5d79fe75d4460a2f/pkg/mod/google.golang.org/grpc@v1.32.0/server.go:1194 +0x50a
2020-11-20T19:34:08.515-0500 [DEBUG] plugin.terraform-provider-aws_v3.16.0_x5: google.golang.org/grpc.(*Server).handleStream(0xc0002b5340, 0x78dc000, 0xc0003ac480, 0xc001ab6300, 0x0)
2020-11-20T19:34:08.515-0500 [DEBUG] plugin.terraform-provider-aws_v3.16.0_x5: 	/opt/teamcity-agent/work/5d79fe75d4460a2f/pkg/mod/google.golang.org/grpc@v1.32.0/server.go:1517 +0xcfd
2020-11-20T19:34:08.515-0500 [DEBUG] plugin.terraform-provider-aws_v3.16.0_x5: google.golang.org/grpc.(*Server).serveStreams.func1.2(0xc000050380, 0xc0002b5340, 0x78dc000, 0xc0003ac480, 0xc001ab6300)
2020-11-20T19:34:08.515-0500 [DEBUG] plugin.terraform-provider-aws_v3.16.0_x5: 	/opt/teamcity-agent/work/5d79fe75d4460a2f/pkg/mod/google.golang.org/grpc@v1.32.0/server.go:859 +0xa1
2020-11-20T19:34:08.515-0500 [DEBUG] plugin.terraform-provider-aws_v3.16.0_x5: created by google.golang.org/grpc.(*Server).serveStreams.func1
2020-11-20T19:34:08.515-0500 [DEBUG] plugin.terraform-provider-aws_v3.16.0_x5: 	/opt/teamcity-agent/work/5d79fe75d4460a2f/pkg/mod/google.golang.org/grpc@v1.32.0/server.go:857 +0x204
2020-11-20T19:34:08.520-0500 [WARN]  plugin.stdio: received EOF, stopping recv loop: err="rpc error: code = Unavailable desc = transport is closing"
2020-11-20T19:34:08.520-0500 [DEBUG] plugin: plugin process exited: path=.terraform/plugins/registry.terraform.io/hashicorp/aws/3.16.0/darwin_amd64/terraform-provider-aws_v3.16.0_x5 pid=57174 error="exit status 2"
2020/11/20 19:34:08 [ERROR] eval: *terraform.EvalConfigProvider, err: rpc error: code = Unavailable desc = transport is closing
2020/11/20 19:34:08 [ERROR] eval: *terraform.EvalSequence, err: rpc error: code = Unavailable desc = transport is closing
2020/11/20 19:34:08 [ERROR] eval: *terraform.EvalOpFilter, err: rpc error: code = Unavailable desc = transport is closing
2020/11/20 19:34:08 [ERROR] eval: *terraform.EvalSequence, err: rpc error: code = Unavailable desc = transport is closing
2020/11/20 19:34:08 [TRACE] [walkPlan] Exiting eval tree: provider["registry.terraform.io/hashicorp/aws"]
2020/11/20 19:34:08 [TRACE] vertex "provider[\"registry.terraform.io/hashicorp/aws\"]": visit complete
2020/11/20 19:34:08 [TRACE] dag/walk: upstream of "aws_s3_bucket.terraform_state (expand)" errored, so skipping
2020/11/20 19:34:08 [TRACE] dag/walk: upstream of "meta.count-boundary (EachMode fixup)" errored, so skipping
2020/11/20 19:34:08 [TRACE] dag/walk: upstream of "provider[\"registry.terraform.io/hashicorp/aws\"] (close)" errored, so skipping
2020/11/20 19:34:08 [TRACE] dag/walk: upstream of "root" errored, so skipping
2020/11/20 19:34:08 [TRACE] backend/local: graceful stop has completed
2020/11/20 19:34:08 [INFO] backend/local: plan operation completed
2020/11/20 19:34:08 [WARN] terraform: stop complete
2020/11/20 19:34:08 [TRACE] statemgr.Filesystem: removing lock metadata file .terraform.tfstate.lock.info
2020/11/20 19:34:08 [TRACE] statemgr.Filesystem: unlocking terraform.tfstate using fcntl flock
2020-11-20T19:34:08.523-0500 [DEBUG] plugin: plugin exited
